<?xml version="1.0" encoding="UTF-8"?>
<testng-results ignored="0" total="1" passed="1" failed="0" skipped="0">
  <reporter-output>
  </reporter-output>
  <suite started-at="2025-06-30T10:17:42 IST" name="Suite" finished-at="2025-06-30T10:17:53 IST" duration-ms="10293">
    <groups>
    </groups>
    <test started-at="2025-06-30T10:17:42 IST" name="Test" finished-at="2025-06-30T10:17:53 IST" duration-ms="10293">
      <class name="testcases.Register">
        <test-method signature="runRegister()[pri:0, instance:testcases.Register@4686afc2]" started-at="2025-06-30T10:17:42 IST" name="runRegister" finished-at="2025-06-30T10:17:53 IST" duration-ms="10217" status="PASS">
          <reporter-output>
          </reporter-output>
        </test-method> <!-- runRegister -->
      </class> <!-- testcases.Register -->
    </test> <!-- Test -->
  </suite> <!-- Suite -->
</testng-results>
