<?xml version="1.0" encoding="UTF-8"?>
<testng-results ignored="0" total="1" passed="1" failed="0" skipped="0">
  <reporter-output>
  </reporter-output>
  <suite started-at="2025-06-25T09:58:52 IST" name="Suite" finished-at="2025-06-25T09:58:58 IST" duration-ms="6399">
    <groups>
    </groups>
    <test started-at="2025-06-25T09:58:52 IST" name="Test1" finished-at="2025-06-25T09:58:58 IST" duration-ms="6399">
      <class name="testcases.Login">
        <test-method signature="runLogin()[pri:0, instance:testcases.Login@368247b9]" started-at="2025-06-25T09:58:52 IST" name="runLogin" finished-at="2025-06-25T09:58:58 IST" duration-ms="6326" status="PASS">
          <reporter-output>
          </reporter-output>
        </test-method> <!-- runLogin -->
      </class> <!-- testcases.Login -->
    </test> <!-- Test1 -->
  </suite> <!-- Suite -->
</testng-results>
